<?xml version="1.0" encoding="UTF-8"?>
<!-- Generated by org.testng.reporters.JUnitXMLReporter -->
<testsuite ignored="9" hostname="DESKTOP-9NIDAD7" failures="0" tests="1" name="Test" time="37.702" errors="0" timestamp="2021-07-16T11:14:51 EDT">
  <testcase classname="Inkbox.Tests.ProductSearchTest" name="EmptySearchBox_Validation" time="26.699"/>
  <testcase classname="Inkbox.Tests.ProductSearchTest" name="Autosuggestion_Validation" time="0.0">
    <ignored/>
  </testcase> <!-- Autosuggestion_Validation -->
  <testcase classname="Inkbox.Tests.ProductSearchTest" name="SearchResults_Validation" time="0.0">
    <ignored/>
  </testcase> <!-- SearchResults_Validation -->
  <testcase classname="Inkbox.Tests.ProductSearchTest" name="SortByPriceHighToLow" time="0.0">
    <ignored/>
  </testcase> <!-- SortByPriceHighToLow -->
  <testcase classname="Inkbox.Tests.ProductSearchTest" name="Autosuggestion_Validation_Negative" time="0.0">
    <ignored/>
  </testcase> <!-- Autosuggestion_Validation_Negative -->
  <testcase classname="Inkbox.Tests.ProductSearchTest" name="Verify_SearchResults" time="0.0">
    <ignored/>
  </testcase> <!-- Verify_SearchResults -->
  <testcase classname="Inkbox.Tests.ProductSearchTest" name="SortByPriceLowToHigh" time="0.0">
    <ignored/>
  </testcase> <!-- SortByPriceLowToHigh -->
  <testcase classname="Inkbox.Tests.ProductSearchTest" name="ValidatePricingBlock" time="0.0">
    <ignored/>
  </testcase> <!-- ValidatePricingBlock -->
  <testcase classname="Inkbox.Tests.ProductSearchTest" name="FilterBySize" time="0.0">
    <ignored/>
  </testcase> <!-- FilterBySize -->
  <testcase classname="Inkbox.Tests.ProductSearchTest" name="ValidatePresentUrl_with_PreviousUrl" time="0.0">
    <ignored/>
  </testcase> <!-- ValidatePresentUrl_with_PreviousUrl -->
</testsuite> <!-- Test -->
