<?xml version="1.0" encoding="UTF-8"?>
<testng-results ignored="2" total="3" passed="1" failed="0" skipped="0">
  <reporter-output>
  </reporter-output>
  <suite started-at="2021-07-09T12:36:31 EDT" name="Suite" finished-at="2021-07-09T12:36:54 EDT" duration-ms="22819">
    <groups>
    </groups>
    <test started-at="2021-07-09T12:36:31 EDT" name="Test" finished-at="2021-07-09T12:36:54 EDT" duration-ms="22819">
      <class name="Inkbox.Tests.LoginTest">
        <test-method is-config="true" signature="beforeSuite()[pri:0, instance:Inkbox.Tests.LoginTest@5119fb47]" started-at="2021-07-09T12:36:31 EDT" name="beforeSuite" finished-at="2021-07-09T12:36:31 EDT" duration-ms="45" status="PASS">
          <reporter-output>
          </reporter-output>
        </test-method> <!-- beforeSuite -->
        <test-method is-config="true" signature="beforeTest()[pri:0, instance:Inkbox.Tests.LoginTest@5119fb47]" started-at="2021-07-09T12:36:31 EDT" name="beforeTest" finished-at="2021-07-09T12:36:32 EDT" duration-ms="115" status="PASS">
          <reporter-output>
          </reporter-output>
        </test-method> <!-- beforeTest -->
        <test-method is-config="true" signature="beforeMethod(java.lang.String,java.lang.String)[pri:0, instance:Inkbox.Tests.LoginTest@5119fb47]" started-at="2021-07-09T12:36:32 EDT" name="beforeMethod" finished-at="2021-07-09T12:36:38 EDT" duration-ms="6627" status="PASS">
          <params>
            <param index="0">
              <value>
                <![CDATA[chrome]]>
              </value>
            </param>
            <param index="1">
              <value>
                <![CDATA[https://inkbox.com]]>
              </value>
            </param>
          </params>
          <reporter-output>
          </reporter-output>
        </test-method> <!-- beforeMethod -->
        <test-method is-config="true" signature="BeforeMethod(org.testng.ITestResult)[pri:0, instance:Inkbox.Tests.LoginTest@5119fb47]" started-at="2021-07-09T12:36:38 EDT" name="BeforeMethod" finished-at="2021-07-09T12:36:38 EDT" duration-ms="13" status="PASS">
          <params>
            <param index="0">
              <value>
                <![CDATA[[TestResult name={null} status=CREATED method=LoginTest.LoginWithDirectUser()[pri:0, instance:Inkbox.Tests.LoginTest@5119fb47] output={null}]]]>
              </value>
            </param>
          </params>
          <reporter-output>
          </reporter-output>
        </test-method> <!-- BeforeMethod -->
        <test-method signature="LoginWithDirectUser()[pri:0, instance:Inkbox.Tests.LoginTest@5119fb47]" started-at="2021-07-09T12:36:38 EDT" name="LoginWithDirectUser" finished-at="2021-07-09T12:36:54 EDT" duration-ms="15414" status="PASS">
          <reporter-output>
          </reporter-output>
        </test-method> <!-- LoginWithDirectUser -->
        <test-method is-config="true" signature="AfterMethod(org.testng.ITestResult)[pri:0, instance:Inkbox.Tests.LoginTest@5119fb47]" started-at="2021-07-09T12:36:54 EDT" name="AfterMethod" finished-at="2021-07-09T12:36:54 EDT" duration-ms="227" status="PASS">
          <params>
            <param index="0">
              <value>
                <![CDATA[[TestResult name=LoginWithDirectUser status=SUCCESS method=LoginTest.LoginWithDirectUser()[pri:0, instance:Inkbox.Tests.LoginTest@5119fb47] output={null}]]]>
              </value>
            </param>
          </params>
          <reporter-output>
          </reporter-output>
        </test-method> <!-- AfterMethod -->
        <test-method is-config="true" signature="afterMethod()[pri:0, instance:Inkbox.Tests.LoginTest@5119fb47]" started-at="2021-07-09T12:36:54 EDT" name="afterMethod" finished-at="2021-07-09T12:36:54 EDT" duration-ms="394" status="PASS">
          <reporter-output>
          </reporter-output>
        </test-method> <!-- afterMethod -->
      </class> <!-- Inkbox.Tests.LoginTest -->
    </test> <!-- Test -->
  </suite> <!-- Suite -->
</testng-results>
